<?xml version="1.0" encoding="UTF-8"?>
<testsuite name="com.jojoldu.book.springboot.web.HelloControllerTest" tests="2" skipped="0" failures="0" errors="0" timestamp="2021-01-09T07:05:56" hostname="DESKTOP-5NSH30E" time="0.213">
  <properties/>
  <testcase name="hello_return" classname="com.jojoldu.book.springboot.web.HelloControllerTest" time="0.085"/>
  <testcase name="helloDto가_리턴된다" classname="com.jojoldu.book.springboot.web.HelloControllerTest" time="0.127"/>
  <system-out><![CDATA[2021-01-09 16:05:55.386  INFO 15024 --- [    Test worker] .b.t.a.w.s.WebMvcTestContextBootstrapper : Neither @ContextConfiguration nor @ContextHierarchy found for test class [com.jojoldu.book.springboot.web.HelloControllerTest], using SpringBootContextLoader
2021-01-09 16:05:55.390  INFO 15024 --- [    Test worker] o.s.t.c.support.AbstractContextLoader    : Could not detect default resource locations for test class [com.jojoldu.book.springboot.web.HelloControllerTest]: no resource found for suffixes {-context.xml, Context.groovy}.
2021-01-09 16:05:55.390  INFO 15024 --- [    Test worker] t.c.s.AnnotationConfigContextLoaderUtils : Could not detect default configuration classes for test class [com.jojoldu.book.springboot.web.HelloControllerTest]: HelloControllerTest does not declare any static, non-private, non-final, nested classes annotated with @Configuration.
2021-01-09 16:05:55.478  INFO 15024 --- [    Test worker] .b.t.c.SpringBootTestContextBootstrapper : Found @SpringBootConfiguration com.jojoldu.book.springboot.Application for test class com.jojoldu.book.springboot.web.HelloControllerTest
2021-01-09 16:05:55.491  INFO 15024 --- [    Test worker] .b.t.a.w.s.WebMvcTestContextBootstrapper : Loaded default TestExecutionListener class names from location [META-INF/spring.factories]: [org.springframework.security.test.context.support.WithSecurityContextTestExecutionListener, org.springframework.security.test.context.support.ReactorContextTestExecutionListener, org.springframework.boot.test.autoconfigure.restdocs.RestDocsTestExecutionListener, org.springframework.boot.test.autoconfigure.web.client.MockRestServiceServerResetTestExecutionListener, org.springframework.boot.test.autoconfigure.web.servlet.MockMvcPrintOnlyOnFailureTestExecutionListener, org.springframework.boot.test.autoconfigure.web.servlet.WebDriverTestExecutionListener, org.springframework.boot.test.mock.mockito.MockitoTestExecutionListener, org.springframework.boot.test.mock.mockito.ResetMocksTestExecutionListener, org.springframework.test.context.web.ServletTestExecutionListener, org.springframework.test.context.support.DirtiesContextBeforeModesTestExecutionListener, org.springframework.test.context.support.DependencyInjectionTestExecutionListener, org.springframework.test.context.support.DirtiesContextTestExecutionListener, org.springframework.test.context.transaction.TransactionalTestExecutionListener, org.springframework.test.context.jdbc.SqlScriptsTestExecutionListener]
2021-01-09 16:05:55.493  INFO 15024 --- [    Test worker] .b.t.a.w.s.WebMvcTestContextBootstrapper : Using TestExecutionListeners: [org.springframework.test.context.web.ServletTestExecutionListener@7fb47ee7, org.springframework.test.context.support.DirtiesContextBeforeModesTestExecutionListener@2c07111d, org.springframework.boot.test.mock.mockito.MockitoTestExecutionListener@33421527, org.springframework.boot.test.autoconfigure.SpringBootDependencyInjectionTestExecutionListener@67a1316e, org.springframework.test.context.support.DirtiesContextTestExecutionListener@3bbe283b, org.springframework.test.context.transaction.TransactionalTestExecutionListener@2f2549a8, org.springframework.test.context.jdbc.SqlScriptsTestExecutionListener@ced9a46, org.springframework.security.test.context.support.WithSecurityContextTestExecutionListener@6229e0f4, org.springframework.security.test.context.support.ReactorContextTestExecutionListener@289ce37a, org.springframework.boot.test.autoconfigure.restdocs.RestDocsTestExecutionListener@2d7187c8, org.springframework.boot.test.autoconfigure.web.client.MockRestServiceServerResetTestExecutionListener@4dae078a, org.springframework.boot.test.autoconfigure.web.servlet.MockMvcPrintOnlyOnFailureTestExecutionListener@60ad608b, org.springframework.boot.test.autoconfigure.web.servlet.WebDriverTestExecutionListener@2fe5d8d7, org.springframework.boot.test.mock.mockito.ResetMocksTestExecutionListener@e8b4524]

  .   ____          _            __ _ _
 /\\ / ___'_ __ _ _(_)_ __  __ _ \ \ \ \
( ( )\___ | '_ | '_| | '_ \/ _` | \ \ \ \
 \\/  ___)| |_)| | | | | || (_| |  ) ) ) )
  '  |____| .__|_| |_|_| |_\__, | / / / /
 =========|_|==============|___/=/_/_/_/
 :: Spring Boot ::        (v2.1.9.RELEASE)

2021-01-09 16:05:55.669  INFO 15024 --- [    Test worker] c.j.b.s.web.HelloControllerTest          : Starting HelloControllerTest on DESKTOP-5NSH30E with PID 15024 (started by KIMSUHWAN in D:\dev\pjt\study\springboot)
2021-01-09 16:05:55.673  INFO 15024 --- [    Test worker] c.j.b.s.web.HelloControllerTest          : The following profiles are active: oauth
2021-01-09 16:05:56.291  INFO 15024 --- [    Test worker] o.s.s.concurrent.ThreadPoolTaskExecutor  : Initializing ExecutorService 'applicationTaskExecutor'
2021-01-09 16:05:56.361  INFO 15024 --- [    Test worker] o.s.b.a.w.s.WelcomePageHandlerMapping    : Adding welcome page template: index
2021-01-09 16:05:56.633  INFO 15024 --- [    Test worker] .s.s.UserDetailsServiceAutoConfiguration : 

Using generated security password: ad0332a6-c90f-48a1-b062-20573929ed47

2021-01-09 16:05:56.791  INFO 15024 --- [    Test worker] o.s.s.web.DefaultSecurityFilterChain     : Creating filter chain: any request, [org.springframework.security.web.context.request.async.WebAsyncManagerIntegrationFilter@1cf78be9, org.springframework.security.web.context.SecurityContextPersistenceFilter@7664aec8, org.springframework.security.web.header.HeaderWriterFilter@183ea1a0, org.springframework.security.web.csrf.CsrfFilter@6d09c3eb, org.springframework.security.web.authentication.logout.LogoutFilter@16de67fc, org.springframework.security.web.authentication.UsernamePasswordAuthenticationFilter@64bb40af, org.springframework.security.web.authentication.ui.DefaultLoginPageGeneratingFilter@5c1b45a8, org.springframework.security.web.authentication.ui.DefaultLogoutPageGeneratingFilter@4ba1e096, org.springframework.security.web.authentication.www.BasicAuthenticationFilter@20c9ac46, org.springframework.security.web.savedrequest.RequestCacheAwareFilter@53d2a852, org.springframework.security.web.servletapi.SecurityContextHolderAwareRequestFilter@3e0c2029, org.springframework.security.web.authentication.AnonymousAuthenticationFilter@26e7de38, org.springframework.security.web.session.SessionManagementFilter@3b8b2fd7, org.springframework.security.web.access.ExceptionTranslationFilter@6e89734d, org.springframework.security.web.access.intercept.FilterSecurityInterceptor@6838ce3]
2021-01-09 16:05:56.836  INFO 15024 --- [    Test worker] o.s.b.t.m.w.SpringBootMockServletContext : Initializing Spring TestDispatcherServlet ''
2021-01-09 16:05:56.836  INFO 15024 --- [    Test worker] o.s.t.web.servlet.TestDispatcherServlet  : Initializing Servlet ''
2021-01-09 16:05:56.851  INFO 15024 --- [    Test worker] o.s.t.web.servlet.TestDispatcherServlet  : Completed initialization in 15 ms
2021-01-09 16:05:56.893  INFO 15024 --- [    Test worker] c.j.b.s.web.HelloControllerTest          : Started HelloControllerTest in 1.39 seconds (JVM running for 12.049)
]]></system-out>
  <system-err><![CDATA[]]></system-err>
</testsuite>
